<?xml version="1.0" encoding="UTF-8"?>
<testsuite xmlns:xsi="http://www.w3.org/2001/XMLSchema-instance" xsi:noNamespaceSchemaLocation="https://maven.apache.org/surefire/maven-surefire-plugin/xsd/surefire-test-report-3.0.xsd" version="3.0" name="TestSuite" time="395.315" tests="1" errors="0" skipped="0" failures="0">
  <properties>
[...]
</properties>
  <testcase name="labelsAndTagsConfiguration" classname="com.qa.AD_ID.tests.LabelsAndTagsConfiguration" time="343.897">
    <system-out><![CDATA[...
... TestNG 7.4.0 by Cédric Beust (cedric@beust.com)
...

I am in onStart method Customer Order
Test Suite started!
No environment is given..hence running in QA environment 
Browser Name is : chrome
I am in onTestStart method labelsAndTagsConfiguration start
labelsAndTagsConfiguration started!
Application Credentials: ravikumar.vidhani@ap.averydennison.com:Default*123
ReqSignature
submitPricingAgreement
Background color: rgba(227, 31, 38, 1)
I am in onTestSuccess method labelsAndTagsConfiguration succeed
Screenshot captured for test case:labelsAndTagsConfiguration
labelsAndTagsConfiguration passed!
]]></system-out>
    <system-err><![CDATA[SLF4J: Failed to load class "org.slf4j.impl.StaticLoggerBinder".
SLF4J: Defaulting to no-operation (NOP) logger implementation
SLF4J: See http://www.slf4j.org/codes.html#StaticLoggerBinder for further details.
log4j:WARN No appenders could be found for logger (io.netty.util.internal.logging.InternalLoggerFactory).
log4j:WARN Please initialize the log4j system properly.
Sep 27, 2023 1:23:52 PM org.openqa.selenium.devtools.CdpVersionFinder findNearestMatch
WARNING: Unable to find an exact match for CDP version 117, so returning the closest version found: 115
]]></system-err>
  </testcase>
</testsuite>