<?xml version="1.0" encoding="UTF-8"?>
<testng-results ignored="0" total="1" passed="1" failed="0" skipped="0">
  <reporter-output>
  </reporter-output>
  <suite started-at="2023-09-27T14:10:07 IST" name="Opencart App Test Regression Suite" finished-at="2023-09-27T14:10:56 IST" duration-ms="48984">
    <groups>
    </groups>
    <test started-at="2023-09-27T14:10:07 IST" name="Customer Order" finished-at="2023-09-27T14:10:56 IST" duration-ms="48984">
      <class name="com.qa.AD_ID.tests.LabelsAndTagsConfiguration">
        <test-method is-config="true" signature="startRecord()[pri:0, instance:com.qa.AD_ID.tests.LabelsAndTagsConfiguration@2ceee4b6]" started-at="2023-09-27T14:10:07 IST" name="startRecord" finished-at="2023-09-27T14:10:07 IST" duration-ms="253" status="PASS">
          <reporter-output>
          </reporter-output>
        </test-method> <!-- startRecord -->
        <test-method is-config="true" signature="setup(java.lang.String)[pri:0, instance:com.qa.AD_ID.tests.LabelsAndTagsConfiguration@2ceee4b6]" started-at="2023-09-27T14:10:07 IST" name="setup" finished-at="2023-09-27T14:10:43 IST" duration-ms="36223" status="PASS">
          <params>
            <param index="0">
              <value>
                <![CDATA[chrome]]>
              </value>
            </param>
          </params>
          <reporter-output>
          </reporter-output>
        </test-method> <!-- setup -->
        <test-method signature="labelsAndTagsConfiguration()[pri:0, instance:com.qa.AD_ID.tests.LabelsAndTagsConfiguration@2ceee4b6]" started-at="2023-09-27T14:10:43 IST" name="labelsAndTagsConfiguration" finished-at="2023-09-27T14:10:55 IST" duration-ms="11700" status="PASS">
          <reporter-output>
          </reporter-output>
        </test-method> <!-- labelsAndTagsConfiguration -->
        <test-method is-config="true" signature="tearDown()[pri:0, instance:com.qa.AD_ID.tests.LabelsAndTagsConfiguration@2ceee4b6]" started-at="2023-09-27T14:10:56 IST" name="tearDown" finished-at="2023-09-27T14:10:56 IST" duration-ms="3" status="PASS">
          <reporter-output>
          </reporter-output>
        </test-method> <!-- tearDown -->
        <test-method is-config="true" signature="stopRecord()[pri:0, instance:com.qa.AD_ID.tests.LabelsAndTagsConfiguration@2ceee4b6]" started-at="2023-09-27T14:10:57 IST" name="stopRecord" finished-at="2023-09-27T14:10:57 IST" duration-ms="106" status="PASS">
          <reporter-output>
          </reporter-output>
        </test-method> <!-- stopRecord -->
      </class> <!-- com.qa.AD_ID.tests.LabelsAndTagsConfiguration -->
    </test> <!-- Customer Order -->
  </suite> <!-- Opencart App Test Regression Suite -->
</testng-results>
